Replace Part B1 MP2141NGTF-Z in C:\Users\chenr\Desktop\Projects\GPS_Proj\GPS.SchDoc with MP2141NGTF-Z from Regulators.SchLib
Replace Part B2 ANT2525B00DT1516S in C:\Users\chenr\Desktop\Projects\GPS_Proj\GPS.SchDoc with ANT2525B00DT1516S from Antennas.SchLib
Replace Part C1 GCM155R71H102KA37 in C:\Users\chenr\Desktop\Projects\GPS_Proj\GPS.SchDoc with GCM155R71H102KA37 from Capacitors.SchLib
Replace Part C2 GCM155R71H103KA55D in C:\Users\chenr\Desktop\Projects\GPS_Proj\GPS.SchDoc with GCM155R71H103KA55D from Capacitors.SchLib
Replace Part C3 GCM32EC71E226KE36K in C:\Users\chenr\Desktop\Projects\GPS_Proj\GPS.SchDoc with GCM32EC71E226KE36K from Capacitors.SchLib
Replace Part C4 GCM32EC71E226KE36K in C:\Users\chenr\Desktop\Projects\GPS_Proj\GPS.SchDoc with GCM32EC71E226KE36K from Capacitors.SchLib
Replace Part C5 GCM1555C1H121JA16 in C:\Users\chenr\Desktop\Projects\GPS_Proj\GPS.SchDoc with GCM1555C1H121JA16 from Capacitors.SchLib
Replace Part C6 GCM1555C1H121JA16 in C:\Users\chenr\Desktop\Projects\GPS_Proj\GPS.SchDoc with GCM1555C1H121JA16 from Capacitors.SchLib
Replace Part H1 M22-2510505 in C:\Users\chenr\Desktop\Projects\GPS_Proj\GPS.SchDoc with M22-2510505 from Headers.SchLib
Replace Part H2 M22-2510505 in C:\Users\chenr\Desktop\Projects\GPS_Proj\GPS.SchDoc with M22-2510505 from Headers.SchLib
Replace Part L1 1239AS-H-1R0M=P2 in C:\Users\chenr\Desktop\Projects\GPS_Proj\GPS.SchDoc with 1239AS-H-1R0M=P2 from Inductors.SchLib
Replace Part L2 LQG15HS27NJ02D in C:\Users\chenr\Desktop\Projects\GPS_Proj\GPS.SchDoc with LQG15HS27NJ02D from Inductors.SchLib
Replace Part L3 L08055R6CESTR in C:\Users\chenr\Desktop\Projects\GPS_Proj\GPS.SchDoc with L08055R6CESTR from Inductors.SchLib
Replace Part R1 RT0402FRE07200KL in C:\Users\chenr\Desktop\Projects\GPS_Proj\GPS.SchDoc with RT0402FRE07200KL from Resistors.SchLib
Replace Part R2 RT0402FRE0744K2L in C:\Users\chenr\Desktop\Projects\GPS_Proj\GPS.SchDoc with RT0402FRE0744K2L from Resistors.SchLib
Replace Part R3 RT0402FRE0710KL in C:\Users\chenr\Desktop\Projects\GPS_Proj\GPS.SchDoc with RT0402FRE0710KL from Resistors.SchLib
Replace Part R4 RT0402FRE07100KL in C:\Users\chenr\Desktop\Projects\GPS_Proj\GPS.SchDoc with RT0402FRE07100KL from Resistors.SchLib
Replace Part U1 BGA725L6 in C:\Users\chenr\Desktop\Projects\GPS_Proj\GPS.SchDoc with BGA725L6 from LNA.SchLib
Replace Part U2 TESEO-LIV3R in C:\Users\chenr\Desktop\Projects\GPS_Proj\GPS.SchDoc with TESEO-LIV3R from IC.SchLib
Replace Part Z1 B39162B4327P810 in C:\Users\chenr\Desktop\Projects\GPS_Proj\GPS.SchDoc with B39162B4327P810 from Filters.SchLib
